-------------------
===================
Geriausias sprendinys: 0 1 20 (510884)
Skaiciavimo trukme: 5.32018
-------------------
===================
Geriausias sprendinys: 0 1 10 20 22 (678416)
Skaiciavimo trukme: 368.484
-------------------
===================
Geriausias sprendinys: 0 1 10 20 22 (678416)
Skaiciavimo trukme: 137.384
-------------------
===================
Geriausias sprendinys: 0 1 10 20 22 (678416)
Skaiciavimo trukme: 138.419
-------------------
Geriausias sprendinys: 0 1 10 20 22 (678416)
Skaiciavimo trukme: 137.033
-------------------
===================
Geriausias sprendinys: 0 1 20 (510884)
Skaiciavimo trukme: 5.12216
-------------------
Geriausias sprendinys: 0 1 20 (510884)
Skaiciavimo trukme: 5.13314
-------------------
Geriausias sprendinys: 0 1 20 (510884)
Skaiciavimo trukme: 5.11034
-------------------
===================
Geriausias sprendinys: 0 1 10 20 (599737)
Skaiciavimo trukme: 30.4931
-------------------
Geriausias sprendinys: 0 1 10 20 (599737)
Skaiciavimo trukme: 30.4638
-------------------
Geriausias sprendinys: 0 1 10 20 (599737)
Skaiciavimo trukme: 30.9025
-------------------
===================
Rank 0, i = 0, iMax = 1000
-------------------
===================
-------------------
===================
-------------------
===================
Rank 1, i = 250, iMax = 500
Rank 2, i = 500, iMax = 750
Rank 3, i = 750, iMax = 1000
Rank 0, i = 0, iMax = 250
-------------------
===================
Rank 0, i = 0, iMax = 250
Rank 3, i = 750, iMax = 1000
Rank 2, i = 500, iMax = 750
Rank 1, i = 250, iMax = 500
-------------------
===================
-------------------
===================
Rank 1, i = 250, iMax = 500
Rank 2, i = 500, iMax = 750
Rank 0, i = 0, iMax = 250
Rank 3, i = 750, iMax = 1000
Rank 2, i = 500, iMax = 750
Rank 2, i = 500, iMax = 750
Rank 1, i = 250, iMax = 500
Rank 1, i = 250, iMax = 500
Rank 1, i = 250, iMax = 500
Rank 0, i = 0, iMax = 250
Rank 0, i = 0, iMax = 250
Rank 3, i = 750, iMax = 1000
Rank 3, i = 750, iMax = 1000
Rank 3, i = 750, iMax = 1000
Rank 0, i = 0, iMax = 250
Rank 2, i = 500, iMax = 750
Rank 0, i = 0, iMax = 250
Rank 2, i = 500, iMax = 750
Rank 3, i = 750, iMax = 1000
Rank 1, i = 250, iMax = 500
Rank 0, i = 0, iMax = 250
Rank 3, i = 750, iMax = 1000
Rank 1, i = 250, iMax = 500
Rank 2, i = 500, iMax = 750
Rank 1, i = 250, iMax = 500
Rank 3, i = 750, iMax = 1000
Rank 0, i = 0, iMax = 250
Rank 2, i = 500, iMax = 750
Rank 0, i = 0, iMax = 250
Rank 2, i = 500, iMax = 750
Rank 1, i = 250, iMax = 500
Rank 3, i = 750, iMax = 1000
Rank 0, i = 0, iMax = 250
Rank 1, i = 250, iMax = 500
Rank 3, i = 750, iMax = 1000
Rank 2, i = 500, iMax = 750
Rank 0, i = 0, iMax = 250
Rank 2, i = 500, iMax = 750
Rank 3, i = 750, iMax = 1000
Rank 1, i = 250, iMax = 500
Rank 3, i = 750, iMax = 1000
Rank 0, i = 0, iMax = 250
Rank 1, i = 250, iMax = 500
Rank 2, i = 500, iMax = 750
Rank 0, i = 0, iMax = 250
Rank 3, i = 750, iMax = 1000
Rank 2, i = 500, iMax = 750
Rank 1, i = 250, iMax = 500
Rank 3, i = 750, iMax = 1000
Rank 0, i = 0, iMax = 250
Rank 1, i = 250, iMax = 500
Rank 2, i = 500, iMax = 750
Rank 0, i = 0, iMax = 250
Rank 1, i = 250, iMax = 500
Rank 3, i = 750, iMax = 1000
Rank 2, i = 500, iMax = 750
Rank 0, i = 0, iMax = 250
Rank 2, i = 500, iMax = 750
Rank 3, i = 750, iMax = 1000
Rank 1, i = 250, iMax = 500
Rank 3, i = 750, iMax = 1000
Rank 1, i = 250, iMax = 500
Rank 2, i = 500, iMax = 750
Rank 0, i = 0, iMax = 250
Rank 2, i = 500, iMax = 750
Rank 0, i = 0, iMax = 250
Rank 3, i = 750, iMax = 1000
Rank 1, i = 250, iMax = 500
Rank 3, i = 750, iMax = 1000
Rank 0, i = 0, iMax = 250
Rank 1, i = 250, iMax = 500
Rank 2, i = 500, iMax = 750
Rank 0, i = 0, iMax = 250
Rank 2, i = 500, iMax = 750
Rank 1, i = 250, iMax = 500
Rank 3, i = 750, iMax = 1000
Rank 1, i = 250, iMax = 500
Rank 3, i = 750, iMax = 1000
Rank 0, i = 0, iMax = 250
Rank 2, i = 500, iMax = 750
Rank 0, i = 0, iMax = 250
Rank 1, i = 250, iMax = 500
Rank 2, i = 500, iMax = 750
Rank 3, i = 750, iMax = 1000
Rank 1, i = 250, iMax = 500
Rank 3, i = 750, iMax = 1000
Rank 2, i = 500, iMax = 750
Rank 0, i = 0, iMax = 250
Rank 2, i = 500, iMax = 750
Rank 0, i = 0, iMax = 250
Rank 3, i = 750, iMax = 1000
Rank 1, i = 250, iMax = 500
Rank 3, i = 750, iMax = 1000
Rank 1, i = 250, iMax = 500
Rank 0, i = 0, iMax = 250
Rank 2, i = 500, iMax = 750
Rank 1, i = 250, iMax = 500
Rank 0, i = 0, iMax = 250
Rank 2, i = 500, iMax = 750
Rank 3, i = 750, iMax = 1000
Rank 1, i = 250, iMax = 500
Rank 3, i = 750, iMax = 1000
Rank 0, i = 0, iMax = 250
Rank 2, i = 500, iMax = 750
Rank 3, i = 750, iMax = 1000
Rank 0, i = 0, iMax = 250
Rank 1, i = 250, iMax = 500
Rank 2, i = 500, iMax = 750
Rank 0, i = 0, iMax = 250
Rank 2, i = 500, iMax = 750
Rank 3, i = 750, iMax = 1000
Rank 1, i = 250, iMax = 500
Rank 3, i = 750, iMax = 1000
Rank 0, i = 0, iMax = 250
Rank 1, i = 250, iMax = 500
Rank 2, i = 500, iMax = 750
Rank 1, i = 250, iMax = 500
Rank 3, i = 750, iMax = 1000
Rank 0, i = 0, iMax = 250
Rank 2, i = 500, iMax = 750
Rank 3, i = 750, iMax = 1000
Rank 0, i = 0, iMax = 250
Rank 1, i = 250, iMax = 500
Rank 2, i = 500, iMax = 750
Rank 0, i = 0, iMax = 250
Rank 2, i = 500, iMax = 750
Rank 1, i = 250, iMax = 500
Rank 3, i = 750, iMax = 1000
Rank 1, i = 250, iMax = 500
Rank 3, i = 750, iMax = 1000
Rank 2, i = 500, iMax = 750
Rank 0, i = 0, iMax = 250
Rank 3, i = 750, iMax = 1000
Rank 1, i = 250, iMax = 500
Rank 0, i = 0, iMax = 250
Rank 2, i = 500, iMax = 750
Rank 3, i = 750, iMax = 1000
Rank 0, i = 0, iMax = 250
Rank 2, i = 500, iMax = 750
Rank 1, i = 250, iMax = 500
Rank 0, i = 0, iMax = 250
Rank 3, i = 750, iMax = 1000
Rank 1, i = 250, iMax = 500
Rank 2, i = 500, iMax = 750
Rank 1, i = 250, iMax = 500
Rank 3, i = 750, iMax = 1000
Rank 0, i = 0, iMax = 250
Rank 2, i = 500, iMax = 750
Rank 0, i = 0, iMax = 250
Rank 1, i = 250, iMax = 500
Rank 3, i = 750, iMax = 1000
Rank 2, i = 500, iMax = 750
Rank 3, i = 750, iMax = 1000
Rank 0, i = 0, iMax = 250
Rank 2, i = 500, iMax = 750
Rank 1, i = 250, iMax = 500
Rank 0, i = 0, iMax = 250
Rank 3, i = 750, iMax = 1000
Rank 1, i = 250, iMax = 500
Rank 2, i = 500, iMax = 750
Rank 3, i = 750, iMax = 1000
Rank 0, i = 0, iMax = 250
Rank 1, i = 250, iMax = 500
Rank 2, i = 500, iMax = 750
Rank 1, i = 250, iMax = 500
Rank 3, i = 750, iMax = 1000
Rank 0, i = 0, iMax = 250
Rank 2, i = 500, iMax = 750
Rank 0, i = 0, iMax = 250
Rank 1, i = 250, iMax = 500
Rank 3, i = 750, iMax = 1000
Rank 2, i = 500, iMax = 750
Rank 3, i = 750, iMax = 1000
Rank 0, i = 0, iMax = 250
Rank 1, i = 250, iMax = 500
Rank 2, i = 500, iMax = 750
Rank 3, i = 750, iMax = 1000
Rank 0, i = 0, iMax = 250
Rank 2, i = 500, iMax = 750
Rank 1, i = 250, iMax = 500
Rank 0, i = 0, iMax = 250
Rank 1, i = 250, iMax = 500
Rank 3, i = 750, iMax = 1000
Rank 2, i = 500, iMax = 750
Rank 3, i = 750, iMax = 1000
Rank 0, i = 0, iMax = 250
Rank 2, i = 500, iMax = 750
Rank 1, i = 250, iMax = 500
Rank 0, i = 0, iMax = 250
Rank 3, i = 750, iMax = 1000
Rank 1, i = 250, iMax = 500
Rank 2, i = 500, iMax = 750
Rank 3, i = 750, iMax = 1000
Rank 0, i = 0, iMax = 250
Rank 2, i = 500, iMax = 750
Rank 1, i = 250, iMax = 500
Rank 0, i = 0, iMax = 250
Rank 3, i = 750, iMax = 1000
Rank 1, i = 250, iMax = 500
Rank 2, i = 500, iMax = 750
Rank 3, i = 750, iMax = 1000
Rank 0, i = 0, iMax = 250
Rank 2, i = 500, iMax = 750
Rank 1, i = 250, iMax = 500
Rank 0, i = 0, iMax = 250
Rank 3, i = 750, iMax = 1000
Rank 1, i = 250, iMax = 500
Rank 2, i = 500, iMax = 750
Rank 3, i = 750, iMax = 1000
Rank 0, i = 0, iMax = 250
Rank 1, i = 250, iMax = 500
Rank 2, i = 500, iMax = 750
Rank 1, i = 250, iMax = 500
Rank 3, i = 750, iMax = 1000
Rank 2, i = 500, iMax = 750
Rank 0, i = 0, iMax = 250
Rank 3, i = 750, iMax = 1000
Rank 1, i = 250, iMax = 500
Rank 2, i = 500, iMax = 750
Rank 0, i = 0, iMax = 250
Rank 3, i = 750, iMax = 1000
Rank 1, i = 250, iMax = 500
Rank 0, i = 0, iMax = 250
Rank 2, i = 500, iMax = 750
Rank 0, i = 0, iMax = 250
Rank 1, i = 250, iMax = 500
Rank 3, i = 750, iMax = 1000
Rank 2, i = 500, iMax = 750
Rank 3, i = 750, iMax = 1000
Rank 0, i = 0, iMax = 250
Rank 1, i = 250, iMax = 500
Rank 2, i = 500, iMax = 750
Rank 1, i = 250, iMax = 500
Rank 3, i = 750, iMax = 1000
Rank 0, i = 0, iMax = 250
Rank 2, i = 500, iMax = 750
Rank 0, i = 0, iMax = 250
Rank 1, i = 250, iMax = 500
Rank 3, i = 750, iMax = 1000
Rank 2, i = 500, iMax = 750
Rank 3, i = 750, iMax = 1000
Rank 0, i = 0, iMax = 250
Rank 2, i = 500, iMax = 750
Rank 1, i = 250, iMax = 500
Rank 0, i = 0, iMax = 250
Rank 3, i = 750, iMax = 1000
Rank 1, i = 250, iMax = 500
Rank 2, i = 500, iMax = 750
Rank 3, i = 750, iMax = 1000
Rank 1, i = 250, iMax = 500
Rank 0, i = 0, iMax = 250
Rank 2, i = 500, iMax = 750
Rank 2, i = 500, iMax = 750
Rank 1, i = 250, iMax = 500
Rank 3, i = 750, iMax = 1000
Rank 0, i = 0, iMax = 250
Rank 2, i = 500, iMax = 750
Rank 1, i = 250, iMax = 500
Rank 3, i = 750, iMax = 1000
Rank 0, i = 0, iMax = 250
Rank 1, i = 250, iMax = 500
Rank 3, i = 750, iMax = 1000
Rank 2, i = 500, iMax = 750
Rank 0, i = 0, iMax = 250
Rank 2, i = 500, iMax = 750
Rank 1, i = 250, iMax = 500
Rank 3, i = 750, iMax = 1000
Rank 0, i = 0, iMax = 250
Rank 3, i = 750, iMax = 1000
Rank 2, i = 500, iMax = 750
Rank 1, i = 250, iMax = 500
Rank 0, i = 0, iMax = 250
Rank 1, i = 250, iMax = 500
Rank 3, i = 750, iMax = 1000
Rank 2, i = 500, iMax = 750
Rank 0, i = 0, iMax = 250
Rank 2, i = 500, iMax = 750
Rank 1, i = 250, iMax = 500
Rank 3, i = 750, iMax = 1000
Rank 0, i = 0, iMax = 250
Rank 3, i = 750, iMax = 1000
Rank 2, i = 500, iMax = 750
Rank 1, i = 250, iMax = 500
Rank 0, i = 0, iMax = 250
Rank 1, i = 250, iMax = 500
Rank 3, i = 750, iMax = 1000
Rank 2, i = 500, iMax = 750
Rank 0, i = 0, iMax = 250
Rank 1, i = 250, iMax = 500
Rank 3, i = 750, iMax = 1000
Rank 2, i = 500, iMax = 750
Rank 0, i = 0, iMax = 250
Rank 3, i = 750, iMax = 1000
Rank 2, i = 500, iMax = 750
Rank 1, i = 250, iMax = 500
Rank 0, i = 0, iMax = 250
Rank 2, i = 500, iMax = 750
Rank 0, i = 0, iMax = 250
Rank 1, i = 250, iMax = 500
Rank 3, i = 750, iMax = 1000
Rank 2, i = 500, iMax = 750
Rank 3, i = 750, iMax = 1000
Rank 1, i = 250, iMax = 500
Rank 0, i = 0, iMax = 250
Rank 1, i = 250, iMax = 500
Rank 3, i = 750, iMax = 1000
Rank 2, i = 500, iMax = 750
Rank 0, i = 0, iMax = 250
Rank 2, i = 500, iMax = 750
Rank 1, i = 250, iMax = 500
Rank 3, i = 750, iMax = 1000
Rank 0, i = 0, iMax = 250
Rank 3, i = 750, iMax = 1000
Rank 2, i = 500, iMax = 750
Rank 1, i = 250, iMax = 500
Rank 0, i = 0, iMax = 250
Rank 1, i = 250, iMax = 500
Rank 2, i = 500, iMax = 750
Rank 0, i = 0, iMax = 250
Rank 3, i = 750, iMax = 1000
Rank 1, i = 250, iMax = 500
Rank 3, i = 750, iMax = 1000
Rank 2, i = 500, iMax = 750
Rank 0, i = 0, iMax = 250
Rank 2, i = 500, iMax = 750
Rank 0, i = 0, iMax = 250
Rank 3, i = 750, iMax = 1000
Rank 1, i = 250, iMax = 500
Rank 3, i = 750, iMax = 1000
Rank 1, i = 250, iMax = 500
Rank 0, i = 0, iMax = 250
Rank 2, i = 500, iMax = 750
Rank 0, i = 0, iMax = 250
Rank 3, i = 750, iMax = 1000
Rank 1, i = 250, iMax = 500
Rank 2, i = 500, iMax = 750
Rank 0, i = 0, iMax = 250
Rank 2, i = 500, iMax = 750
Rank 3, i = 750, iMax = 1000
Rank 1, i = 250, iMax = 500
Rank 3, i = 750, iMax = 1000
Rank 0, i = 0, iMax = 250
Rank 1, i = 250, iMax = 500
Rank 2, i = 500, iMax = 750
Rank 0, i = 0, iMax = 250
Rank 2, i = 500, iMax = 750
Rank 1, i = 250, iMax = 500
Rank 3, i = 750, iMax = 1000
Rank 0, i = 0, iMax = 250
Rank 1, i = 250, iMax = 500
Rank 3, i = 750, iMax = 1000
Rank 2, i = 500, iMax = 750
Rank 3, i = 750, iMax = 1000
Rank 1, i = 250, iMax = 500
Rank 0, i = 0, iMax = 250
Rank 2, i = 500, iMax = 750
Rank 0, i = 0, iMax = 250
Rank 1, i = 250, iMax = 500
Rank 2, i = 500, iMax = 750
Rank 3, i = 750, iMax = 1000
Rank 1, i = 250, iMax = 500
Rank 3, i = 750, iMax = 1000
Rank 2, i = 500, iMax = 750
Rank 0, i = 0, iMax = 250
Rank 2, i = 500, iMax = 750
Rank 0, i = 0, iMax = 250
Rank 1, i = 250, iMax = 500
Rank 3, i = 750, iMax = 1000
Rank 3, i = 750, iMax = 1000
Rank 1, i = 250, iMax = 500
Rank 0, i = 0, iMax = 250
Rank 2, i = 500, iMax = 750
Rank 1, i = 250, iMax = 500
Rank 0, i = 0, iMax = 250
Rank 2, i = 500, iMax = 750
Rank 3, i = 750, iMax = 1000
Rank 0, i = 0, iMax = 250
Rank 2, i = 500, iMax = 750
Rank 1, i = 250, iMax = 500
Rank 3, i = 750, iMax = 1000
Rank 3, i = 750, iMax = 1000
Rank 0, i = 0, iMax = 250
Rank 2, i = 500, iMax = 750
Rank 1, i = 250, iMax = 500
Rank 3, i = 750, iMax = 1000
Rank 0, i = 0, iMax = 250
Rank 1, i = 250, iMax = 500
Rank 2, i = 500, iMax = 750
Rank 1, i = 250, iMax = 500
Rank 3, i = 750, iMax = 1000
Rank 2, i = 500, iMax = 750
Rank 0, i = 0, iMax = 250
Rank 2, i = 500, iMax = 750
Rank 0, i = 0, iMax = 250
Rank 1, i = 250, iMax = 500
Rank 3, i = 750, iMax = 1000
Rank 3, i = 750, iMax = 1000
Rank 1, i = 250, iMax = 500
Rank 2, i = 500, iMax = 750
Rank 0, i = 0, iMax = 250
Rank 2, i = 500, iMax = 750
Rank 0, i = 0, iMax = 250
Rank 3, i = 750, iMax = 1000
Rank 1, i = 250, iMax = 500
Rank 3, i = 750, iMax = 1000
Rank 1, i = 250, iMax = 500
Rank 0, i = 0, iMax = 250
Rank 2, i = 500, iMax = 750
Rank 0, i = 0, iMax = 250
Rank 2, i = 500, iMax = 750
Rank 1, i = 250, iMax = 500
Rank 3, i = 750, iMax = 1000
Rank 2, i = 500, iMax = 750
Rank 3, i = 750, iMax = 1000
Rank 1, i = 250, iMax = 500
Rank 0, i = 0, iMax = 250
Rank 2, i = 500, iMax = 750
Rank 0, i = 0, iMax = 250
Rank 1, i = 250, iMax = 500
Rank 3, i = 750, iMax = 1000
Rank 3, i = 750, iMax = 1000
Rank 2, i = 500, iMax = 750
Rank 0, i = 0, iMax = 250
Rank 1, i = 250, iMax = 500
Rank 3, i = 750, iMax = 1000
Rank 0, i = 0, iMax = 250
Rank 2, i = 500, iMax = 750
Rank 1, i = 250, iMax = 500
Rank 2, i = 500, iMax = 750
Rank 0, i = 0, iMax = 250
Rank 1, i = 250, iMax = 500
Rank 3, i = 750, iMax = 1000
Rank 1, i = 250, iMax = 500
Rank 2, i = 500, iMax = 750
Rank 3, i = 750, iMax = 1000
Rank 0, i = 0, iMax = 250
Rank 0, i = 0, iMax = 250
Rank 2, i = 500, iMax = 750
Rank 3, i = 750, iMax = 1000
Rank 1, i = 250, iMax = 500
Rank 3, i = 750, iMax = 1000
Rank 1, i = 250, iMax = 500
Rank 2, i = 500, iMax = 750
Rank 0, i = 0, iMax = 250
Rank 2, i = 500, iMax = 750
Rank 0, i = 0, iMax = 250
Rank 3, i = 750, iMax = 1000
Rank 1, i = 250, iMax = 500
Rank 2, i = 500, iMax = 750
Rank 0, i = 0, iMax = 250
Rank 1, i = 250, iMax = 500
Rank 3, i = 750, iMax = 1000
Rank 1, i = 250, iMax = 500
Rank 2, i = 500, iMax = 750
Rank 3, i = 750, iMax = 1000
Rank 0, i = 0, iMax = 250
Rank 2, i = 500, iMax = 750
Rank 0, i = 0, iMax = 250
Rank 3, i = 750, iMax = 1000
Rank 1, i = 250, iMax = 500
Rank 3, i = 750, iMax = 1000
Rank 1, i = 250, iMax = 500
Rank 2, i = 500, iMax = 750
Rank 0, i = 0, iMax = 250
Rank 0, i = 0, iMax = 250
Rank 2, i = 500, iMax = 750
Rank 1, i = 250, iMax = 500
Rank 3, i = 750, iMax = 1000
Rank 3, i = 750, iMax = 1000
Rank 1, i = 250, iMax = 500
Rank 2, i = 500, iMax = 750
Rank 0, i = 0, iMax = 250
Rank 2, i = 500, iMax = 750
Rank 0, i = 0, iMax = 250
Rank 1, i = 250, iMax = 500
Rank 3, i = 750, iMax = 1000
Rank 1, i = 250, iMax = 500
Rank 3, i = 750, iMax = 1000
Rank 0, i = 0, iMax = 250
Rank 2, i = 500, iMax = 750
Rank 0, i = 0, iMax = 250
Rank 2, i = 500, iMax = 750
Rank 3, i = 750, iMax = 1000
Rank 1, i = 250, iMax = 500
Rank 3, i = 750, iMax = 1000
Rank 1, i = 250, iMax = 500
Rank 0, i = 0, iMax = 250
Rank 2, i = 500, iMax = 750
Rank 3, i = 750, iMax = 1000
Rank 2, i = 500, iMax = 750
Rank 1, i = 250, iMax = 500
Rank 0, i = 0, iMax = 250
Rank 2, i = 500, iMax = 750
Rank 0, i = 0, iMax = 250
Rank 1, i = 250, iMax = 500
Rank 3, i = 750, iMax = 1000
Rank 3, i = 750, iMax = 1000
Rank 1, i = 250, iMax = 500
Rank 0, i = 0, iMax = 250
Rank 2, i = 500, iMax = 750
Rank 0, i = 0, iMax = 250
Rank 2, i = 500, iMax = 750
Rank 1, i = 250, iMax = 500
Rank 3, i = 750, iMax = 1000
Rank 3, i = 750, iMax = 1000
Rank 0, i = 0, iMax = 250
Rank 2, i = 500, iMax = 750
Rank 1, i = 250, iMax = 500
Rank 0, i = 0, iMax = 250
Rank 2, i = 500, iMax = 750
Rank 1, i = 250, iMax = 500
Rank 3, i = 750, iMax = 1000
Rank 2, i = 500, iMax = 750
Rank 0, i = 0, iMax = 250
Rank 3, i = 750, iMax = 1000
Rank 1, i = 250, iMax = 500
Rank 3, i = 750, iMax = 1000
Rank 0, i = 0, iMax = 250
Rank 2, i = 500, iMax = 750
Rank 1, i = 250, iMax = 500
Rank 3, i = 750, iMax = 1000
Rank 1, i = 250, iMax = 500
Rank 2, i = 500, iMax = 750
Rank 0, i = 0, iMax = 250
Rank 2, i = 500, iMax = 750
Rank 0, i = 0, iMax = 250
Rank 3, i = 750, iMax = 1000
Rank 1, i = 250, iMax = 500
Rank 3, i = 750, iMax = 1000
Rank 1, i = 250, iMax = 500
Rank 0, i = 0, iMax = 250
Rank 2, i = 500, iMax = 750
Rank 0, i = 0, iMax = 250
Rank 2, i = 500, iMax = 750
Rank 1, i = 250, iMax = 500
Rank 3, i = 750, iMax = 1000
Rank 1, i = 250, iMax = 500
Rank 3, i = 750, iMax = 1000
Rank 2, i = 500, iMax = 750
Rank 0, i = 0, iMax = 250
Rank 2, i = 500, iMax = 750
Rank 0, i = 0, iMax = 250
Rank 3, i = 750, iMax = 1000
Rank 1, i = 250, iMax = 500
Rank 3, i = 750, iMax = 1000
Rank 1, i = 250, iMax = 500
Rank 0, i = 0, iMax = 250
Rank 2, i = 500, iMax = 750
Rank 0, i = 0, iMax = 250
Rank 2, i = 500, iMax = 750
Rank 3, i = 750, iMax = 1000
Rank 1, i = 250, iMax = 500
Rank 3, i = 750, iMax = 1000
Rank 1, i = 250, iMax = 500
Rank 2, i = 500, iMax = 750
Rank 0, i = 0, iMax = 250
Rank 2, i = 500, iMax = 750
Rank 0, i = 0, iMax = 250
Rank 3, i = 750, iMax = 1000
Rank 1, i = 250, iMax = 500
Rank 0, i = 0, iMax = 250
Rank 2, i = 500, iMax = 750
Rank 1, i = 250, iMax = 500
Rank 3, i = 750, iMax = 1000
Rank 1, i = 250, iMax = 500
Rank 3, i = 750, iMax = 1000
Rank 2, i = 500, iMax = 750
Rank 0, i = 0, iMax = 250
Rank 2, i = 500, iMax = 750
Rank 0, i = 0, iMax = 250
Rank 3, i = 750, iMax = 1000
Rank 1, i = 250, iMax = 500
Rank 0, i = 0, iMax = 250
Rank 2, i = 500, iMax = 750
Rank 1, i = 250, iMax = 500
Rank 3, i = 750, iMax = 1000
Rank 1, i = 250, iMax = 500
Rank 3, i = 750, iMax = 1000
Rank 2, i = 500, iMax = 750
Rank 0, i = 0, iMax = 250
Rank 2, i = 500, iMax = 750
Rank 0, i = 0, iMax = 250
Rank 3, i = 750, iMax = 1000
Rank 1, i = 250, iMax = 500
Rank 3, i = 750, iMax = 1000
Rank 1, i = 250, iMax = 500
Rank 0, i = 0, iMax = 250
Rank 2, i = 500, iMax = 750
Rank 0, i = 0, iMax = 250
Rank 2, i = 500, iMax = 750
Rank 1, i = 250, iMax = 500
Rank 3, i = 750, iMax = 1000
Rank 1, i = 250, iMax = 500
Rank 3, i = 750, iMax = 1000
Rank 2, i = 500, iMax = 750
Rank 0, i = 0, iMax = 250
Rank 3, i = 750, iMax = 1000
Rank 1, i = 250, iMax = 500
Rank 0, i = 0, iMax = 250
Rank 2, i = 500, iMax = 750
Rank 1, i = 250, iMax = 500
Rank 3, i = 750, iMax = 1000
Rank 2, i = 500, iMax = 750
Rank 0, i = 0, iMax = 250
Rank 3, i = 750, iMax = 1000
Rank 1, i = 250, iMax = 500
Rank 0, i = 0, iMax = 250
Rank 2, i = 500, iMax = 750
Rank 1, i = 250, iMax = 500
Rank 0, i = 0, iMax = 250
Rank 2, i = 500, iMax = 750
Rank 3, i = 750, iMax = 1000
Rank 3, i = 750, iMax = 1000
Rank 0, i = 0, iMax = 250
Rank 2, i = 500, iMax = 750
Rank 1, i = 250, iMax = 500
Rank 3, i = 750, iMax = 1000
Rank 0, i = 0, iMax = 250
Rank 1, i = 250, iMax = 500
Rank 2, i = 500, iMax = 750
Rank 0, i = 0, iMax = 250
Rank 2, i = 500, iMax = 750
Rank 3, i = 750, iMax = 1000
Rank 1, i = 250, iMax = 500
Rank 3, i = 750, iMax = 1000
Rank 1, i = 250, iMax = 500
Rank 0, i = 0, iMax = 250
Rank 2, i = 500, iMax = 750
Rank 0, i = 0, iMax = 250
Rank 1, i = 250, iMax = 500
Rank 3, i = 750, iMax = 1000
Rank 2, i = 500, iMax = 750
Rank 0, i = 0, iMax = 250
Rank 3, i = 750, iMax = 1000
Rank 1, i = 250, iMax = 500
Rank 2, i = 500, iMax = 750
Rank 3, i = 750, iMax = 1000
Rank 1, i = 250, iMax = 500
Rank 0, i = 0, iMax = 250
Rank 2, i = 500, iMax = 750
Rank 1, i = 250, iMax = 500
Rank 0, i = 0, iMax = 250
Rank 2, i = 500, iMax = 750
Rank 3, i = 750, iMax = 1000
Rank 1, i = 250, iMax = 500
Rank 3, i = 750, iMax = 1000
Rank 2, i = 500, iMax = 750
Rank 0, i = 0, iMax = 250
Rank 3, i = 750, iMax = 1000
Rank 1, i = 250, iMax = 500
Rank 0, i = 0, iMax = 250
Rank 2, i = 500, iMax = 750
Rank 0, i = 0, iMax = 250
Rank 3, i = 750, iMax = 1000
Rank 2, i = 500, iMax = 750
Rank 1, i = 250, iMax = 500
Rank 3, i = 750, iMax = 1000
Rank 1, i = 250, iMax = 500
Rank 2, i = 500, iMax = 750
Rank 0, i = 0, iMax = 250
Rank 1, i = 250, iMax = 500
Rank 3, i = 750, iMax = 1000
Rank 2, i = 500, iMax = 750
Rank 0, i = 0, iMax = 250
Rank 2, i = 500, iMax = 750
Rank 1, i = 250, iMax = 500
Rank 3, i = 750, iMax = 1000
Rank 0, i = 0, iMax = 250
Rank 3, i = 750, iMax = 1000
Rank 2, i = 500, iMax = 750
Rank 1, i = 250, iMax = 500
Rank 0, i = 0, iMax = 250
Rank 2, i = 500, iMax = 750
Rank 0, i = 0, iMax = 250
Rank 3, i = 750, iMax = 1000
Rank 1, i = 250, iMax = 500
Rank 3, i = 750, iMax = 1000
Rank 0, i = 0, iMax = 250
Rank 2, i = 500, iMax = 750
Rank 1, i = 250, iMax = 500
Rank 3, i = 750, iMax = 1000
Rank 0, i = 0, iMax = 250
Rank 1, i = 250, iMax = 500
Rank 2, i = 500, iMax = 750
Rank 0, i = 0, iMax = 250
Rank 3, i = 750, iMax = 1000
Rank 2, i = 500, iMax = 750
Rank 1, i = 250, iMax = 500
Rank 3, i = 750, iMax = 1000
Rank 0, i = 0, iMax = 250
Rank 1, i = 250, iMax = 500
Rank 2, i = 500, iMax = 750
Rank 0, i = 0, iMax = 250
Rank 3, i = 750, iMax = 1000
Rank 2, i = 500, iMax = 750
Rank 1, i = 250, iMax = 500
Rank 0, i = 0, iMax = 250
Rank 1, i = 250, iMax = 500
Rank 3, i = 750, iMax = 1000
Rank 2, i = 500, iMax = 750
Rank 0, i = 0, iMax = 250
Rank 2, i = 500, iMax = 750
Rank 3, i = 750, iMax = 1000
Rank 1, i = 250, iMax = 500
Rank 2, i = 500, iMax = 750
Rank 3, i = 750, iMax = 1000
Rank 0, i = 0, iMax = 250
Rank 1, i = 250, iMax = 500
Rank 0, i = 0, iMax = 250
Rank 3, i = 750, iMax = 1000
Rank 1, i = 250, iMax = 500
Rank 2, i = 500, iMax = 750
Rank 0, i = 0, iMax = 250
Rank 2, i = 500, iMax = 750
Rank 3, i = 750, iMax = 1000
Rank 1, i = 250, iMax = 500
Rank 3, i = 750, iMax = 1000
Rank 2, i = 500, iMax = 750
Rank 0, i = 0, iMax = 250
Rank 1, i = 250, iMax = 500
Rank 3, i = 750, iMax = 1000
Rank 0, i = 0, iMax = 250
Rank 1, i = 250, iMax = 500
Rank 2, i = 500, iMax = 750
Rank 3, i = 750, iMax = 1000
Rank 1, i = 250, iMax = 500
Rank 0, i = 0, iMax = 250
Rank 2, i = 500, iMax = 750
Rank 0, i = 0, iMax = 250
Rank 2, i = 500, iMax = 750
Rank 1, i = 250, iMax = 500
Rank 3, i = 750, iMax = 1000
Rank 1, i = 250, iMax = 500
Rank 3, i = 750, iMax = 1000
Rank 2, i = 500, iMax = 750
Rank 0, i = 0, iMax = 250
Rank 0, i = 0, iMax = 250
Rank 3, i = 750, iMax = 1000
Rank 1, i = 250, iMax = 500
Rank 2, i = 500, iMax = 750
Rank 0, i = 0, iMax = 250
Rank 3, i = 750, iMax = 1000
Rank 2, i = 500, iMax = 750
Rank 1, i = 250, iMax = 500
Rank 3, i = 750, iMax = 1000
Rank 1, i = 250, iMax = 500
Rank 2, i = 500, iMax = 750
Rank 0, i = 0, iMax = 250
Rank 3, i = 750, iMax = 1000
Rank 1, i = 250, iMax = 500
Rank 0, i = 0, iMax = 250
Rank 2, i = 500, iMax = 750
Rank 0, i = 0, iMax = 250
Rank 2, i = 500, iMax = 750
Rank 3, i = 750, iMax = 1000
Rank 1, i = 250, iMax = 500
Rank 1, i = 250, iMax = 500
Rank 3, i = 750, iMax = 1000
Rank 2, i = 500, iMax = 750
Rank 0, i = 0, iMax = 250
Rank 0, i = 0, iMax = 250
Rank 2, i = 500, iMax = 750
Rank 1, i = 250, iMax = 500
Rank 3, i = 750, iMax = 1000
Rank 3, i = 750, iMax = 1000
Rank 2, i = 500, iMax = 750
Rank 0, i = 0, iMax = 250
Rank 1, i = 250, iMax = 500
Rank 3, i = 750, iMax = 1000
Rank 0, i = 0, iMax = 250
Rank 1, i = 250, iMax = 500
Rank 2, i = 500, iMax = 750
Rank 0, i = 0, iMax = 250
Rank 1, i = 250, iMax = 500
Rank 3, i = 750, iMax = 1000
Rank 2, i = 500, iMax = 750
Rank 3, i = 750, iMax = 1000
Rank 2, i = 500, iMax = 750
Rank 0, i = 0, iMax = 250
Rank 1, i = 250, iMax = 500
Rank 3, i = 750, iMax = 1000
Rank 0, i = 0, iMax = 250
Rank 2, i = 500, iMax = 750
Rank 1, i = 250, iMax = 500
Rank 3, i = 750, iMax = 1000
Rank 2, i = 500, iMax = 750
Rank 0, i = 0, iMax = 250
Rank 1, i = 250, iMax = 500
Rank 3, i = 750, iMax = 1000
Rank 0, i = 0, iMax = 250
Rank 1, i = 250, iMax = 500
Rank 2, i = 500, iMax = 750
Rank 0, i = 0, iMax = 250
Rank 2, i = 500, iMax = 750
Rank 3, i = 750, iMax = 1000
Rank 1, i = 250, iMax = 500
Rank 1, i = 250, iMax = 500
Rank 0, i = 0, iMax = 250
Rank 2, i = 500, iMax = 750
Rank 3, i = 750, iMax = 1000
Rank 1, i = 250, iMax = 500
Rank 0, i = 0, iMax = 250
Rank 2, i = 500, iMax = 750
Rank 3, i = 750, iMax = 1000
Rank 1, i = 250, iMax = 500
Rank 3, i = 750, iMax = 1000
Rank 2, i = 500, iMax = 750
Rank 0, i = 0, iMax = 250
Rank 2, i = 500, iMax = 750
Rank 0, i = 0, iMax = 250
Rank 3, i = 750, iMax = 1000
Rank 1, i = 250, iMax = 500
Rank 3, i = 750, iMax = 1000
Rank 1, i = 250, iMax = 500
Rank 0, i = 0, iMax = 250
Rank 2, i = 500, iMax = 750
Rank 0, i = 0, iMax = 250
Rank 2, i = 500, iMax = 750
Rank 1, i = 250, iMax = 500
Rank 3, i = 750, iMax = 1000
Rank 1, i = 250, iMax = 500
Rank 3, i = 750, iMax = 1000
Rank 2, i = 500, iMax = 750
Rank 2, i = 500, iMax = 750
Rank 0, i = 0, iMax = 250
Rank 0, i = 0, iMax = 250
Rank 3, i = 750, iMax = 1000
Rank 1, i = 250, iMax = 500
Rank 3, i = 750, iMax = 1000
Rank 1, i = 250, iMax = 500
Rank 0, i = 0, iMax = 250
Rank 2, i = 500, iMax = 750
Rank 0, i = 0, iMax = 250
Rank 2, i = 500, iMax = 750
Rank 1, i = 250, iMax = 500
Rank 3, i = 750, iMax = 1000
Rank 2, i = 500, iMax = 750
Rank 1, i = 250, iMax = 500
Rank 0, i = 0, iMax = 250
Rank 3, i = 750, iMax = 1000
Rank 0, i = 0, iMax = 250
Rank 2, i = 500, iMax = 750
Rank 1, i = 250, iMax = 500
Rank 3, i = 750, iMax = 1000
Rank 1, i = 250, iMax = 500
Rank 0, i = 0, iMax = 250
Rank 3, i = 750, iMax = 1000
Rank 2, i = 500, iMax = 750
Rank 0, i = 0, iMax = 250
Rank 2, i = 500, iMax = 750
Rank 3, i = 750, iMax = 1000
Rank 1, i = 250, iMax = 500
Rank 0, i = 0, iMax = 250
Rank 3, i = 750, iMax = 1000
Rank 2, i = 500, iMax = 750
Rank 1, i = 250, iMax = 500
Rank 2, i = 500, iMax = 750
Rank 0, i = 0, iMax = 250
Rank 1, i = 250, iMax = 500
Rank 3, i = 750, iMax = 1000
Rank 3, i = 750, iMax = 1000
Rank 1, i = 250, iMax = 500
Rank 0, i = 0, iMax = 250
Rank 0, i = 0, iMax = 250
Rank 2, i = 500, iMax = 750
Rank 2, i = 500, iMax = 750
Rank 1, i = 250, iMax = 500
Rank 3, i = 750, iMax = 1000
Rank 2, i = 500, iMax = 750
Rank 0, i = 0, iMax = 250
Rank 1, i = 250, iMax = 500
Rank 3, i = 750, iMax = 1000
Rank 2, i = 500, iMax = 750
Rank 0, i = 0, iMax = 250
Rank 1, i = 250, iMax = 500
Rank 3, i = 750, iMax = 1000
Rank 0, i = 0, iMax = 250
Rank 1, i = 250, iMax = 500
Rank 2, i = 500, iMax = 750
Rank 3, i = 750, iMax = 1000
Rank 2, i = 500, iMax = 750
Rank 0, i = 0, iMax = 250
Rank 1, i = 250, iMax = 500
Rank 3, i = 750, iMax = 1000
Rank 2, i = 500, iMax = 750
Rank 3, i = 750, iMax = 1000
Rank 0, i = 0, iMax = 250
Rank 1, i = 250, iMax = 500
Rank 0, i = 0, iMax = 250
Rank 2, i = 500, iMax = 750
Rank 3, i = 750, iMax = 1000
Rank 1, i = 250, iMax = 500
Rank 3, i = 750, iMax = 1000
Rank 0, i = 0, iMax = 250
Rank 2, i = 500, iMax = 750
Rank 1, i = 250, iMax = 500
Rank 2, i = 500, iMax = 750
Rank 0, i = 0, iMax = 250
Rank 1, i = 250, iMax = 500
Rank 3, i = 750, iMax = 1000
Rank 0, i = 0, iMax = 250
Rank 2, i = 500, iMax = 750
Rank 3, i = 750, iMax = 1000
Rank 1, i = 250, iMax = 500
Rank 2, i = 500, iMax = 750
Rank 3, i = 750, iMax = 1000
Rank 0, i = 0, iMax = 250
Rank 1, i = 250, iMax = 500
Rank 0, i = 0, iMax = 250
Rank 2, i = 500, iMax = 750
Rank 1, i = 250, iMax = 500
Rank 1, i = 250, iMax = 500
Rank 3, i = 750, iMax = 1000
Rank 3, i = 750, iMax = 1000
Rank 2, i = 500, iMax = 750
Rank 0, i = 0, iMax = 250
Rank 0, i = 0, iMax = 250
Rank 2, i = 500, iMax = 750
Rank 3, i = 750, iMax = 1000
Rank 1, i = 250, iMax = 500
Rank 2, i = 500, iMax = 750
Rank 0, i = 0, iMax = 250
Rank 3, i = 750, iMax = 1000
Rank 1, i = 250, iMax = 500
Rank 2, i = 500, iMax = 750
Rank 0, i = 0, iMax = 250
Rank 1, i = 250, iMax = 500
Rank 3, i = 750, iMax = 1000
Rank 0, i = 0, iMax = 250
Rank 2, i = 500, iMax = 750
Rank 1, i = 250, iMax = 500
Rank 3, i = 750, iMax = 1000
Rank 2, i = 500, iMax = 750
Rank 1, i = 250, iMax = 500
Rank 0, i = 0, iMax = 250
Rank 3, i = 750, iMax = 1000
Rank 3, i = 750, iMax = 1000
Rank 1, i = 250, iMax = 500
Rank 0, i = 0, iMax = 250
Rank 2, i = 500, iMax = 750
Rank 0, i = 0, iMax = 250
Rank 2, i = 500, iMax = 750
Rank 3, i = 750, iMax = 1000
Rank 1, i = 250, iMax = 500
Rank 3, i = 750, iMax = 1000
Rank 0, i = 0, iMax = 250
Rank 2, i = 500, iMax = 750
Rank 1, i = 250, iMax = 500
Rank 0, i = 0, iMax = 250
Rank 3, i = 750, iMax = 1000
Rank 1, i = 250, iMax = 500
Rank 2, i = 500, iMax = 750
Rank 0, i = 0, iMax = 250
Rank 2, i = 500, iMax = 750
Rank 1, i = 250, iMax = 500
Rank 3, i = 750, iMax = 1000
Rank 2, i = 500, iMax = 750
Rank 0, i = 0, iMax = 250
Rank 3, i = 750, iMax = 1000
Rank 1, i = 250, iMax = 500
Rank 3, i = 750, iMax = 1000
Rank 1, i = 250, iMax = 500
Rank 0, i = 0, iMax = 250
Rank 2, i = 500, iMax = 750
Rank 0, i = 0, iMax = 250
Rank 3, i = 750, iMax = 1000
Rank 2, i = 500, iMax = 750
Rank 1, i = 250, iMax = 500
Rank 2, i = 500, iMax = 750
Rank 3, i = 750, iMax = 1000
Rank 0, i = 0, iMax = 250
Rank 1, i = 250, iMax = 500
Rank 0, i = 0, iMax = 250
Rank 2, i = 500, iMax = 750
Rank 3, i = 750, iMax = 1000
Rank 1, i = 250, iMax = 500
Rank 3, i = 750, iMax = 1000
Rank 0, i = 0, iMax = 250
Rank 2, i = 500, iMax = 750
Rank 1, i = 250, iMax = 500
Rank 2, i = 500, iMax = 750
Rank 3, i = 750, iMax = 1000
Rank 0, i = 0, iMax = 250
Rank 1, i = 250, iMax = 500
Rank 3, i = 750, iMax = 1000
Rank 1, i = 250, iMax = 500
Rank 0, i = 0, iMax = 250
Rank 2, i = 500, iMax = 750
Rank 0, i = 0, iMax = 250
Rank 2, i = 500, iMax = 750
Rank 1, i = 250, iMax = 500
Rank 3, i = 750, iMax = 1000
Rank 1, i = 250, iMax = 500
Rank 3, i = 750, iMax = 1000
Rank 2, i = 500, iMax = 750
Rank 0, i = 0, iMax = 250
Rank 2, i = 500, iMax = 750
Rank 0, i = 0, iMax = 250
Rank 3, i = 750, iMax = 1000
Rank 1, i = 250, iMax = 500
Rank 3, i = 750, iMax = 1000
Rank 1, i = 250, iMax = 500
Rank 0, i = 0, iMax = 250
Rank 2, i = 500, iMax = 750
Rank 2, i = 500, iMax = 750
Rank 0, i = 0, iMax = 250
Rank 3, i = 750, iMax = 1000
Rank 1, i = 250, iMax = 500
Rank 3, i = 750, iMax = 1000
Rank 1, i = 250, iMax = 500
Rank 2, i = 500, iMax = 750
Rank 0, i = 0, iMax = 250
Rank 2, i = 500, iMax = 750
Rank 0, i = 0, iMax = 250
Rank 3, i = 750, iMax = 1000
Rank 1, i = 250, iMax = 500
Rank 0, i = 0, iMax = 250
Rank 3, i = 750, iMax = 1000
Rank 2, i = 500, iMax = 750
Rank 1, i = 250, iMax = 500
Rank 2, i = 500, iMax = 750
Rank 0, i = 0, iMax = 250
Rank 1, i = 250, iMax = 500
Rank 3, i = 750, iMax = 1000
Rank 2, i = 500, iMax = 750
Rank 1, i = 250, iMax = 500
Rank 3, i = 750, iMax = 1000
Rank 0, i = 0, iMax = 250
Rank 1, i = 250, iMax = 500
Rank 2, i = 500, iMax = 750
Rank 0, i = 0, iMax = 250
Rank 3, i = 750, iMax = 1000
Rank 3, i = 750, iMax = 1000
Rank 2, i = 500, iMax = 750
Rank 1, i = 250, iMax = 500
Rank 0, i = 0, iMax = 250
Rank 2, i = 500, iMax = 750
Rank 0, i = 0, iMax = 250
Rank 3, i = 750, iMax = 1000
Rank 1, i = 250, iMax = 500
Rank 2, i = 500, iMax = 750
Rank 1, i = 250, iMax = 500
Rank 0, i = 0, iMax = 250
Rank 3, i = 750, iMax = 1000
Rank 0, i = 0, iMax = 250
Rank 1, i = 250, iMax = 500
Rank 2, i = 500, iMax = 750
Rank 3, i = 750, iMax = 1000
Rank 2, i = 500, iMax = 750
Rank 1, i = 250, iMax = 500
Rank 3, i = 750, iMax = 1000
Rank 0, i = 0, iMax = 250
Rank 1, i = 250, iMax = 500
Rank 3, i = 750, iMax = 1000
Rank 2, i = 500, iMax = 750
Rank 0, i = 0, iMax = 250
Rank 1, i = 250, iMax = 500
Rank 3, i = 750, iMax = 1000
Rank 2, i = 500, iMax = 750
Rank 0, i = 0, iMax = 250
Rank 2, i = 500, iMax = 750
Rank 1, i = 250, iMax = 500
Rank 0, i = 0, iMax = 250
Rank 3, i = 750, iMax = 1000
Rank 1, i = 250, iMax = 500
Rank 2, i = 500, iMax = 750
Rank 3, i = 750, iMax = 1000
Rank 0, i = 0, iMax = 250
Rank 2, i = 500, iMax = 750
Rank 0, i = 0, iMax = 250
Rank 3, i = 750, iMax = 1000
Rank 1, i = 250, iMax = 500
Rank 2, i = 500, iMax = 750
Rank 1, i = 250, iMax = 500
Rank 0, i = 0, iMax = 250
Rank 3, i = 750, iMax = 1000
Rank 1, i = 250, iMax = 500
Rank 3, i = 750, iMax = 1000
Rank 2, i = 500, iMax = 750
Rank 0, i = 0, iMax = 250
Rank 1, i = 250, iMax = 500
Rank 3, i = 750, iMax = 1000
Rank 2, i = 500, iMax = 750
Rank 0, i = 0, iMax = 250
Rank 2, i = 500, iMax = 750
Rank 1, i = 250, iMax = 500
Rank 3, i = 750, iMax = 1000
Rank 0, i = 0, iMax = 250
Rank 2, i = 500, iMax = 750
Rank 0, i = 0, iMax = 250
Rank 3, i = 750, iMax = 1000
Rank 1, i = 250, iMax = 500
Rank 0, i = 0, iMax = 250
Rank 2, i = 500, iMax = 750
Rank 1, i = 250, iMax = 500
Rank 3, i = 750, iMax = 1000
Rank 2, i = 500, iMax = 750
Rank 0, i = 0, iMax = 250
Rank 1, i = 250, iMax = 500
Rank 3, i = 750, iMax = 1000
Rank 1, i = 250, iMax = 500
Rank 2, i = 500, iMax = 750
Rank 3, i = 750, iMax = 1000
Rank 0, i = 0, iMax = 250
Rank 2, i = 500, iMax = 750
Rank 0, i = 0, iMax = 250
Rank 1, i = 250, iMax = 500
Rank 3, i = 750, iMax = 1000
Rank 1, i = 250, iMax = 500
Rank 3, i = 750, iMax = 1000
Rank 2, i = 500, iMax = 750
Rank 0, i = 0, iMax = 250
Rank 3, i = 750, iMax = 1000
Rank 2, i = 500, iMax = 750
Rank 1, i = 250, iMax = 500
Rank 0, i = 0, iMax = 250
Rank 1, i = 250, iMax = 500
Rank 2, i = 500, iMax = 750
Rank 0, i = 0, iMax = 250
Rank 3, i = 750, iMax = 1000
Rank 2, i = 500, iMax = 750
Rank 0, i = 0, iMax = 250
Rank 3, i = 750, iMax = 1000
Rank 1, i = 250, iMax = 500
Rank 0, i = 0, iMax = 250
Rank 2, i = 500, iMax = 750
Rank 1, i = 250, iMax = 500
Rank 3, i = 750, iMax = 1000
Rank 2, i = 500, iMax = 750
Rank 0, i = 0, iMax = 250
Rank 1, i = 250, iMax = 500
Rank 3, i = 750, iMax = 1000
Rank 3, i = 750, iMax = 1000
Rank 1, i = 250, iMax = 500
Rank 2, i = 500, iMax = 750
Rank 0, i = 0, iMax = 250
Rank 3, i = 750, iMax = 1000
Rank 1, i = 250, iMax = 500
Rank 2, i = 500, iMax = 750
Rank 0, i = 0, iMax = 250
Rank 2, i = 500, iMax = 750
Rank 0, i = 0, iMax = 250
Rank 3, i = 750, iMax = 1000
Rank 1, i = 250, iMax = 500
Rank 2, i = 500, iMax = 750
Rank 0, i = 0, iMax = 250
Rank 1, i = 250, iMax = 500
Rank 3, i = 750, iMax = 1000
Rank 3, i = 750, iMax = 1000
Rank 0, i = 0, iMax = 250
Rank 2, i = 500, iMax = 750
Rank 1, i = 250, iMax = 500
Rank 3, i = 750, iMax = 1000
Rank 1, i = 250, iMax = 500
Rank 0, i = 0, iMax = 250
Rank 2, i = 500, iMax = 750
Rank 0, i = 0, iMax = 250
Rank 2, i = 500, iMax = 750
Rank 3, i = 750, iMax = 1000
Rank 1, i = 250, iMax = 500
Rank 3, i = 750, iMax = 1000
Rank 0, i = 0, iMax = 250
Rank 1, i = 250, iMax = 500
Rank 2, i = 500, iMax = 750
Rank 1, i = 250, iMax = 500
Rank 3, i = 750, iMax = 1000
Rank 2, i = 500, iMax = 750
Rank 0, i = 0, iMax = 250
Rank 0, i = 0, iMax = 250
Rank 2, i = 500, iMax = 750
Rank 3, i = 750, iMax = 1000
Rank 1, i = 250, iMax = 500
Rank 3, i = 750, iMax = 1000
Rank 1, i = 250, iMax = 500
Rank 2, i = 500, iMax = 750
Rank 2, i = 500, iMax = 750
Rank 0, i = 0, iMax = 250
Rank 0, i = 0, iMax = 250
Rank 1, i = 250, iMax = 500
Rank 3, i = 750, iMax = 1000
Rank 3, i = 750, iMax = 1000
Rank 1, i = 250, iMax = 500
Rank 0, i = 0, iMax = 250
Rank 2, i = 500, iMax = 750
Rank 0, i = 0, iMax = 250
Rank 2, i = 500, iMax = 750
Rank 1, i = 250, iMax = 500
Rank 3, i = 750, iMax = 1000
Rank 1, i = 250, iMax = 500
Rank 3, i = 750, iMax = 1000
Rank 2, i = 500, iMax = 750
Rank 0, i = 0, iMax = 250
Rank 2, i = 500, iMax = 750
Rank 0, i = 0, iMax = 250
Rank 3, i = 750, iMax = 1000
Rank 3, i = 750, iMax = 1000
Rank 1, i = 250, iMax = 500
Rank 1, i = 250, iMax = 500
Rank 0, i = 0, iMax = 250
Rank 2, i = 500, iMax = 750
Rank 2, i = 500, iMax = 750
Rank 0, i = 0, iMax = 250
Rank 3, i = 750, iMax = 1000
Rank 1, i = 250, iMax = 500
Rank 2, i = 500, iMax = 750
Rank 0, i = 0, iMax = 250
Rank 3, i = 750, iMax = 1000
Rank 3, i = 750, iMax = 1000
Rank 1, i = 250, iMax = 500
Rank 1, i = 250, iMax = 500
Rank 0, i = 0, iMax = 250
Rank 2, i = 500, iMax = 750
Rank 2, i = 500, iMax = 750
Rank 0, i = 0, iMax = 250
Rank 1, i = 250, iMax = 500
Rank 3, i = 750, iMax = 1000
Rank 3, i = 750, iMax = 1000
Rank 0, i = 0, iMax = 250
Rank 2, i = 500, iMax = 750
Rank 1, i = 250, iMax = 500
Rank 3, i = 750, iMax = 1000
Rank 1, i = 250, iMax = 500
Rank 2, i = 500, iMax = 750
Rank 0, i = 0, iMax = 250
Rank 2, i = 500, iMax = 750
Rank 0, i = 0, iMax = 250
Rank 3, i = 750, iMax = 1000
Rank 3, i = 750, iMax = 1000
Rank 1, i = 250, iMax = 500
Rank 1, i = 250, iMax = 500
Rank 0, i = 0, iMax = 250
Rank 2, i = 500, iMax = 750
Rank 2, i = 500, iMax = 750
Rank 0, i = 0, iMax = 250
Rank 1, i = 250, iMax = 500
Rank 3, i = 750, iMax = 1000
Rank 3, i = 750, iMax = 1000
Rank 1, i = 250, iMax = 500
Rank 2, i = 500, iMax = 750
Rank 0, i = 0, iMax = 250
Rank 2, i = 500, iMax = 750
Rank 1, i = 250, iMax = 500
Rank 0, i = 0, iMax = 250
Rank 1, i = 250, iMax = 500
Rank 3, i = 750, iMax = 1000
Rank 3, i = 750, iMax = 1000
Rank 0, i = 0, iMax = 250
Rank 2, i = 500, iMax = 750
Rank 3, i = 750, iMax = 1000
Rank 1, i = 250, iMax = 500
Rank 1, i = 250, iMax = 500
Rank 0, i = 0, iMax = 250
Rank 2, i = 500, iMax = 750
Rank 2, i = 500, iMax = 750
Rank 0, i = 0, iMax = 250
Rank 3, i = 750, iMax = 1000
Rank 2, i = 500, iMax = 750
Rank 0, i = 0, iMax = 250
Rank 1, i = 250, iMax = 500
Rank 3, i = 750, iMax = 1000
Rank 1, i = 250, iMax = 500
Rank 2, i = 500, iMax = 750
Rank 0, i = 0, iMax = 250
Rank 3, i = 750, iMax = 1000
Rank 1, i = 250, iMax = 500
Rank 2, i = 500, iMax = 750
Rank 0, i = 0, iMax = 250
Rank 3, i = 750, iMax = 1000
Rank 2, i = 500, iMax = 750
Rank 0, i = 0, iMax = 250
Rank 1, i = 250, iMax = 500
Rank 3, i = 750, iMax = 1000
Rank 1, i = 250, iMax = 500
Rank 2, i = 500, iMax = 750
Rank 0, i = 0, iMax = 250
Rank 3, i = 750, iMax = 1000
Rank 0, i = 0, iMax = 250
Rank 1, i = 250, iMax = 500
Rank 2, i = 500, iMax = 750
Rank 3, i = 750, iMax = 1000
Rank 1, i = 250, iMax = 500
Rank 3, i = 750, iMax = 1000
Rank 2, i = 500, iMax = 750
Rank 0, i = 0, iMax = 250
Rank 2, i = 500, iMax = 750
Rank 1, i = 250, iMax = 500
Rank 0, i = 0, iMax = 250
Rank 3, i = 750, iMax = 1000
Rank 0, i = 0, iMax = 250
Rank 1, i = 250, iMax = 500
Rank 2, i = 500, iMax = 750
Rank 3, i = 750, iMax = 1000
Rank 2, i = 500, iMax = 750
Rank 1, i = 250, iMax = 500
Rank 3, i = 750, iMax = 1000
Rank 0, i = 0, iMax = 250
Rank 1, i = 250, iMax = 500
Rank 2, i = 500, iMax = 750
Rank 0, i = 0, iMax = 250
Rank 3, i = 750, iMax = 1000
Rank 2, i = 500, iMax = 750
Rank 0, i = 0, iMax = 250
Rank 1, i = 250, iMax = 500
Rank 3, i = 750, iMax = 1000
Rank 1, i = 250, iMax = 500
Rank 2, i = 500, iMax = 750
Rank 0, i = 0, iMax = 250
Rank 3, i = 750, iMax = 1000
Rank 2, i = 500, iMax = 750
Rank 3, i = 750, iMax = 1000
Rank 0, i = 0, iMax = 250
Rank 1, i = 250, iMax = 500
Rank 0, i = 0, iMax = 250
Rank 2, i = 500, iMax = 750
Rank 1, i = 250, iMax = 500
Rank 3, i = 750, iMax = 1000
Rank 1, i = 250, iMax = 500
Rank 2, i = 500, iMax = 750
Rank 0, i = 0, iMax = 250
Rank 3, i = 750, iMax = 1000
Rank 0, i = 0, iMax = 250
Rank 1, i = 250, iMax = 500
Rank 2, i = 500, iMax = 750
Rank 3, i = 750, iMax = 1000
Rank 2, i = 500, iMax = 750
Rank 0, i = 0, iMax = 250
Rank 1, i = 250, iMax = 500
Rank 3, i = 750, iMax = 1000
Rank 2, i = 500, iMax = 750
Rank 3, i = 750, iMax = 1000
Rank 0, i = 0, iMax = 250
Rank 1, i = 250, iMax = 500
Rank 0, i = 0, iMax = 250
Rank 2, i = 500, iMax = 750
Rank 3, i = 750, iMax = 1000
Rank 1, i = 250, iMax = 500
Rank 3, i = 750, iMax = 1000
Rank 0, i = 0, iMax = 250
Rank 2, i = 500, iMax = 750
Rank 1, i = 250, iMax = 500
Rank 2, i = 500, iMax = 750
Rank 0, i = 0, iMax = 250
Rank 1, i = 250, iMax = 500
Rank 3, i = 750, iMax = 1000
Rank 0, i = 0, iMax = 250
Rank 1, i = 250, iMax = 500
Rank 2, i = 500, iMax = 750
Rank 3, i = 750, iMax = 1000
Rank 2, i = 500, iMax = 750
Rank 0, i = 0, iMax = 250
Rank 1, i = 250, iMax = 500
Rank 3, i = 750, iMax = 1000
Rank 1, i = 250, iMax = 500
Rank 2, i = 500, iMax = 750
Rank 3, i = 750, iMax = 1000
Rank 0, i = 0, iMax = 250
Rank 0, i = 0, iMax = 250
Rank 2, i = 500, iMax = 750
Rank 1, i = 250, iMax = 500
Rank 3, i = 750, iMax = 1000
Rank 1, i = 250, iMax = 500
Rank 3, i = 750, iMax = 1000
Rank 0, i = 0, iMax = 250
Rank 2, i = 500, iMax = 750
Rank 0, i = 0, iMax = 250
Rank 2, i = 500, iMax = 750
Rank 3, i = 750, iMax = 1000
Rank 1, i = 250, iMax = 500
Rank 3, i = 750, iMax = 1000
Rank 1, i = 250, iMax = 500
Rank 2, i = 500, iMax = 750
Rank 0, i = 0, iMax = 250
Rank 0, i = 0, iMax = 250
Rank 2, i = 500, iMax = 750
Rank 1, i = 250, iMax = 500
Rank 3, i = 750, iMax = 1000
Rank 1, i = 250, iMax = 500
Rank 3, i = 750, iMax = 1000
Rank 2, i = 500, iMax = 750
Rank 0, i = 0, iMax = 250
Rank 2, i = 500, iMax = 750
Rank 0, i = 0, iMax = 250
Rank 3, i = 750, iMax = 1000
Rank 1, i = 250, iMax = 500
Rank 1, i = 250, iMax = 500
Rank 0, i = 0, iMax = 250
Rank 2, i = 500, iMax = 750
Rank 1, i = 250, iMax = 500
Rank 3, i = 750, iMax = 1000
Rank 3, i = 750, iMax = 1000
Rank 2, i = 500, iMax = 750
Rank 0, i = 0, iMax = 250
Rank 2, i = 500, iMax = 750
Rank 0, i = 0, iMax = 250
Rank 3, i = 750, iMax = 1000
Rank 1, i = 250, iMax = 500
Rank 1, i = 250, iMax = 500
Rank 0, i = 0, iMax = 250
Rank 2, i = 500, iMax = 750
Rank 3, i = 750, iMax = 1000
Rank 1, i = 250, iMax = 500
Rank 2, i = 500, iMax = 750
Rank 3, i = 750, iMax = 1000
Rank 0, i = 0, iMax = 250
Rank 2, i = 500, iMax = 750
Rank 1, i = 250, iMax = 500
Rank 0, i = 0, iMax = 250
Rank 3, i = 750, iMax = 1000
Rank 1, i = 250, iMax = 500
Rank 3, i = 750, iMax = 1000
Rank 2, i = 500, iMax = 750
Rank 0, i = 0, iMax = 250
Rank 2, i = 500, iMax = 750
Rank 0, i = 0, iMax = 250
Rank 1, i = 250, iMax = 500
Rank 3, i = 750, iMax = 1000
Rank 1, i = 250, iMax = 500
Rank 3, i = 750, iMax = 1000
Rank 0, i = 0, iMax = 250
Rank 2, i = 500, iMax = 750
Rank 2, i = 500, iMax = 750
Rank 3, i = 750, iMax = 1000
Rank 1, i = 250, iMax = 500
Rank 0, i = 0, iMax = 250
Rank 1, i = 250, iMax = 500
Rank 0, i = 0, iMax = 250
Rank 2, i = 500, iMax = 750
Rank 3, i = 750, iMax = 1000
Rank 1, i = 250, iMax = 500
Rank 3, i = 750, iMax = 1000
Rank 0, i = 0, iMax = 250
Rank 2, i = 500, iMax = 750
Rank 3, i = 750, iMax = 1000
Rank 1, i = 250, iMax = 500
Rank 0, i = 0, iMax = 250
Rank 2, i = 500, iMax = 750
Rank 0, i = 0, iMax = 250
Rank 3, i = 750, iMax = 1000
Rank 1, i = 250, iMax = 500
Rank 2, i = 500, iMax = 750
Rank 1, i = 250, iMax = 500
Rank 3, i = 750, iMax = 1000
Rank 2, i = 500, iMax = 750
Rank 0, i = 0, iMax = 250
Rank 3, i = 750, iMax = 1000
Rank 1, i = 250, iMax = 500
Rank 0, i = 0, iMax = 250
Rank 2, i = 500, iMax = 750
Rank 1, i = 250, iMax = 500
Rank 0, i = 0, iMax = 250
Rank 3, i = 750, iMax = 1000
Rank 2, i = 500, iMax = 750
Rank 1, i = 250, iMax = 500
Rank 0, i = 0, iMax = 250
Rank 2, i = 500, iMax = 750
Rank 3, i = 750, iMax = 1000
Rank 1, i = 250, iMax = 500
Rank 3, i = 750, iMax = 1000
Rank 2, i = 500, iMax = 750
Rank 0, i = 0, iMax = 250
Rank 2, i = 500, iMax = 750
Rank 1, i = 250, iMax = 500
Rank 0, i = 0, iMax = 250
Rank 3, i = 750, iMax = 1000
Rank 0, i = 0, iMax = 250
Rank 1, i = 250, iMax = 500
Rank 3, i = 750, iMax = 1000
Rank 2, i = 500, iMax = 750
Rank 1, i = 250, iMax = 500
Rank 0, i = 0, iMax = 250
Rank 2, i = 500, iMax = 750
Rank 3, i = 750, iMax = 1000
Rank 1, i = 250, iMax = 500
Rank 3, i = 750, iMax = 1000
Rank 2, i = 500, iMax = 750
Rank 0, i = 0, iMax = 250
Rank 0, i = 0, iMax = 250
Rank 1, i = 250, iMax = 500
Rank 3, i = 750, iMax = 1000
Rank 2, i = 500, iMax = 750
Rank 3, i = 750, iMax = 1000
Rank 2, i = 500, iMax = 750
Rank 1, i = 250, iMax = 500
Rank 0, i = 0, iMax = 250
Rank 3, i = 750, iMax = 1000
Rank 1, i = 250, iMax = 500
Rank 2, i = 500, iMax = 750
Rank 0, i = 0, iMax = 250
Rank 2, i = 500, iMax = 750
Rank 1, i = 250, iMax = 500
Rank 0, i = 0, iMax = 250
Rank 3, i = 750, iMax = 1000
Rank 1, i = 250, iMax = 500
Rank 3, i = 750, iMax = 1000
Rank 2, i = 500, iMax = 750
Rank 0, i = 0, iMax = 250
Rank 2, i = 500, iMax = 750
Rank 0, i = 0, iMax = 250
Rank 1, i = 250, iMax = 500
Rank 3, i = 750, iMax = 1000
Rank 1, i = 250, iMax = 500
Rank 3, i = 750, iMax = 1000
Rank 0, i = 0, iMax = 250
Rank 2, i = 500, iMax = 750
Rank 0, i = 0, iMax = 250
Rank 1, i = 250, iMax = 500
Rank 2, i = 500, iMax = 750
Rank 3, i = 750, iMax = 1000
Rank 1, i = 250, iMax = 500
Rank 3, i = 750, iMax = 1000
Rank 2, i = 500, iMax = 750
Rank 0, i = 0, iMax = 250
Rank 1, i = 250, iMax = 500
Rank 2, i = 500, iMax = 750
Rank 0, i = 0, iMax = 250
Rank 3, i = 750, iMax = 1000
Rank 1, i = 250, iMax = 500
Rank 3, i = 750, iMax = 1000
Rank 2, i = 500, iMax = 750
Rank 0, i = 0, iMax = 250
Rank 3, i = 750, iMax = 1000
Rank 1, i = 250, iMax = 500
Rank 0, i = 0, iMax = 250
Rank 2, i = 500, iMax = 750
Rank 2, i = 500, iMax = 750
Rank 1, i = 250, iMax = 500
Rank 3, i = 750, iMax = 1000
Rank 0, i = 0, iMax = 250
Rank 2, i = 500, iMax = 750
Rank 1, i = 250, iMax = 500
Rank 0, i = 0, iMax = 250
Rank 3, i = 750, iMax = 1000
Rank 1, i = 250, iMax = 500
Rank 3, i = 750, iMax = 1000
Rank 2, i = 500, iMax = 750
Rank 0, i = 0, iMax = 250
Rank 2, i = 500, iMax = 750
Rank 1, i = 250, iMax = 500
Rank 3, i = 750, iMax = 1000
Rank 0, i = 0, iMax = 250
Rank 3, i = 750, iMax = 1000
Rank 1, i = 250, iMax = 500
Rank 0, i = 0, iMax = 250
Rank 2, i = 500, iMax = 750
Rank 1, i = 250, iMax = 500
Rank 0, i = 0, iMax = 250
Rank 2, i = 500, iMax = 750
Rank 3, i = 750, iMax = 1000
Rank 1, i = 250, iMax = 500
Rank 3, i = 750, iMax = 1000
Rank 0, i = 0, iMax = 250
Rank 2, i = 500, iMax = 750
Rank 1, i = 250, iMax = 500
Rank 0, i = 0, iMax = 250
Rank 2, i = 500, iMax = 750
Rank 3, i = 750, iMax = 1000
Rank 3, i = 750, iMax = 1000
Rank 3, i = 750, iMax = 1000
Rank 0, i = 0, iMax = 250
Rank 0, i = 0, iMax = 250
Rank 1, i = 250, iMax = 500
Rank 1, i = 250, iMax = 500
Rank 2, i = 500, iMax = 750
Rank 2, i = 500, iMax = 750
Rank 1, i = 250, iMax = 500
Rank 3, i = 750, iMax = 1000
Rank 2, i = 500, iMax = 750
Rank 0, i = 0, iMax = 250
Rank 1, i = 250, iMax = 500
Rank 2, i = 500, iMax = 750
Rank 0, i = 0, iMax = 250
Rank 3, i = 750, iMax = 1000
Rank 0, i = 0, iMax = 250
Rank 1, i = 250, iMax = 500
Rank 3, i = 750, iMax = 1000
Rank 2, i = 500, iMax = 750
Rank 2, i = 500, iMax = 750
Rank 1, i = 250, iMax = 500
Rank 3, i = 750, iMax = 1000
Rank 0, i = 0, iMax = 250
Rank 1, i = 250, iMax = 500
Rank 0, i = 0, iMax = 250
Rank 3, i = 750, iMax = 1000
Rank 2, i = 500, iMax = 750
Rank 0, i = 0, iMax = 250
Rank 2, i = 500, iMax = 750
Rank 3, i = 750, iMax = 1000
Rank 1, i = 250, iMax = 500
Rank 3, i = 750, iMax = 1000
Rank 1, i = 250, iMax = 500
Rank 2, i = 500, iMax = 750
Rank 0, i = 0, iMax = 250
Rank 1, i = 250, iMax = 500
Rank 2, i = 500, iMax = 750
Rank 0, i = 0, iMax = 250
Rank 3, i = 750, iMax = 1000
Rank 1, i = 250, iMax = 500
Rank 3, i = 750, iMax = 1000
Rank 2, i = 500, iMax = 750
Rank 0, i = 0, iMax = 250
Rank 0, i = 0, iMax = 250
Rank 1, i = 250, iMax = 500
Rank 2, i = 500, iMax = 750
Rank 3, i = 750, iMax = 1000
Rank 2, i = 500, iMax = 750
Rank 0, i = 0, iMax = 250
Rank 3, i = 750, iMax = 1000
Rank 1, i = 250, iMax = 500
Rank 3, i = 750, iMax = 1000
Rank 1, i = 250, iMax = 500
Rank 0, i = 0, iMax = 250
Rank 2, i = 500, iMax = 750
Rank 1, i = 250, iMax = 500
Rank 0, i = 0, iMax = 250
Rank 2, i = 500, iMax = 750
Rank 3, i = 750, iMax = 1000
Rank 1, i = 250, iMax = 500
Rank 3, i = 750, iMax = 1000
Rank 0, i = 0, iMax = 250
Rank 2, i = 500, iMax = 750
Rank 0, i = 0, iMax = 250
Rank 1, i = 250, iMax = 500
Rank 2, i = 500, iMax = 750
Rank 3, i = 750, iMax = 1000
Rank 2, i = 500, iMax = 750
Rank 1, i = 250, iMax = 500
Rank 0, i = 0, iMax = 250
Rank 3, i = 750, iMax = 1000
Rank 0, i = 0, iMax = 250
Rank 2, i = 500, iMax = 750
Rank 1, i = 250, iMax = 500
Rank 3, i = 750, iMax = 1000
Rank 1, i = 250, iMax = 500
Rank 0, i = 0, iMax = 250
Rank 2, i = 500, iMax = 750
Rank 3, i = 750, iMax = 1000
Rank 2, i = 500, iMax = 750
Rank 1, i = 250, iMax = 500
Rank 0, i = 0, iMax = 250
Rank 3, i = 750, iMax = 1000
Rank 0, i = 0, iMax = 250
Rank 1, i = 250, iMax = 500
Rank 3, i = 750, iMax = 1000
Rank 2, i = 500, iMax = 750
Rank 1, i = 250, iMax = 500
Rank 3, i = 750, iMax = 1000
Rank 2, i = 500, iMax = 750
Rank 0, i = 0, iMax = 250
Rank 1, i = 250, iMax = 500
Rank 2, i = 500, iMax = 750
Rank 0, i = 0, iMax = 250
Rank 3, i = 750, iMax = 1000
Rank 0, i = 0, iMax = 250
Rank 2, i = 500, iMax = 750
Rank 1, i = 250, iMax = 500
Rank 3, i = 750, iMax = 1000
Rank 1, i = 250, iMax = 500
Rank 0, i = 0, iMax = 250
Rank 3, i = 750, iMax = 1000
Rank 0, i = 0, iMax = 250
Rank 2, i = 500, iMax = 750
Rank 2, i = 500, iMax = 750
Rank 3, i = 750, iMax = 1000
Rank 1, i = 250, iMax = 500
Rank 2, i = 500, iMax = 750
Rank 0, i = 0, iMax = 250
Rank 1, i = 250, iMax = 500
Rank 3, i = 750, iMax = 1000
Rank 1, i = 250, iMax = 500
Rank 3, i = 750, iMax = 1000
Rank 0, i = 0, iMax = 250
Rank 2, i = 500, iMax = 750
Rank 1, i = 250, iMax = 500
Rank 0, i = 0, iMax = 250
Rank 2, i = 500, iMax = 750
Rank 3, i = 750, iMax = 1000
Rank 2, i = 500, iMax = 750
Rank 0, i = 0, iMax = 250
Rank 1, i = 250, iMax = 500
Rank 3, i = 750, iMax = 1000
Rank 1, i = 250, iMax = 500
Rank 3, i = 750, iMax = 1000
Rank 2, i = 500, iMax = 750
Rank 0, i = 0, iMax = 250
Rank 3, i = 750, iMax = 1000
Rank 0, i = 0, iMax = 250
Rank 1, i = 250, iMax = 500
Rank 0, i = 0, iMax = 250
Rank 2, i = 500, iMax = 750
Rank 2, i = 500, iMax = 750
Rank 1, i = 250, iMax = 500
Rank 3, i = 750, iMax = 1000
Rank 1, i = 250, iMax = 500
Rank 3, i = 750, iMax = 1000
Rank 2, i = 500, iMax = 750
Rank 0, i = 0, iMax = 250
Rank 2, i = 500, iMax = 750
Rank 3, i = 750, iMax = 1000
Rank 1, i = 250, iMax = 500
Rank 0, i = 0, iMax = 250
Rank 2, i = 500, iMax = 750
Rank 1, i = 250, iMax = 500
Rank 0, i = 0, iMax = 250
Rank 3, i = 750, iMax = 1000
Rank 1, i = 250, iMax = 500
Rank 0, i = 0, iMax = 250
Rank 2, i = 500, iMax = 750
Rank 3, i = 750, iMax = 1000
Rank 0, i = 0, iMax = 250
Rank 2, i = 500, iMax = 750
Rank 1, i = 250, iMax = 500
Rank 1, i = 250, iMax = 500
Rank 3, i = 750, iMax = 1000
Rank 3, i = 750, iMax = 1000
Rank 0, i = 0, iMax = 250
Rank 2, i = 500, iMax = 750
Rank 0, i = 0, iMax = 250
Rank 2, i = 500, iMax = 750
Rank 3, i = 750, iMax = 1000
Rank 1, i = 250, iMax = 500
Rank 2, i = 500, iMax = 750
Rank 3, i = 750, iMax = 1000
Rank 1, i = 250, iMax = 500
Rank 0, i = 0, iMax = 250
Rank 2, i = 500, iMax = 750
Rank 0, i = 0, iMax = 250
Rank 3, i = 750, iMax = 1000
Rank 3, i = 750, iMax = 1000
Rank 1, i = 250, iMax = 500
Rank 1, i = 250, iMax = 500
Rank 0, i = 0, iMax = 250
Rank 2, i = 500, iMax = 750
Rank 0, i = 0, iMax = 250
Rank 1, i = 250, iMax = 500
Rank 1, i = 250, iMax = 500
Rank 3, i = 750, iMax = 1000
Rank 3, i = 750, iMax = 1000
Rank 2, i = 500, iMax = 750
Rank 0, i = 0, iMax = 250
Rank 2, i = 500, iMax = 750
Rank 1, i = 250, iMax = 500
Rank 3, i = 750, iMax = 1000
Rank 2, i = 500, iMax = 750
Rank 0, i = 0, iMax = 250
Rank 3, i = 750, iMax = 1000
Rank 1, i = 250, iMax = 500
Rank 2, i = 500, iMax = 750
Rank 0, i = 0, iMax = 250
Rank 1, i = 250, iMax = 500
Rank 2, i = 500, iMax = 750
Rank 3, i = 750, iMax = 1000
Rank 0, i = 0, iMax = 250
Rank 0, i = 0, iMax = 250
Rank 2, i = 500, iMax = 750
Rank 3, i = 750, iMax = 1000
Rank 1, i = 250, iMax = 500
Rank 3, i = 750, iMax = 1000
Rank 1, i = 250, iMax = 500
Rank 2, i = 500, iMax = 750
Rank 0, i = 0, iMax = 250
Rank 0, i = 0, iMax = 250
Rank 1, i = 250, iMax = 500
Rank 3, i = 750, iMax = 1000
Rank 2, i = 500, iMax = 750
Rank 0, i = 0, iMax = 250
Rank 2, i = 500, iMax = 750
Rank 1, i = 250, iMax = 500
Rank 3, i = 750, iMax = 1000
Rank 1, i = 250, iMax = 500
Rank 2, i = 500, iMax = 750
Rank 3, i = 750, iMax = 1000
Rank 0, i = 0, iMax = 250
Rank 1, i = 250, iMax = 500
Rank 2, i = 500, iMax = 750
Rank 0, i = 0, iMax = 250
Rank 3, i = 750, iMax = 1000
Rank 1, i = 250, iMax = 500
Rank 3, i = 750, iMax = 1000
Rank 0, i = 0, iMax = 250
Rank 2, i = 500, iMax = 750
Rank 0, i = 0, iMax = 250
Rank 3, i = 750, iMax = 1000
Rank 1, i = 250, iMax = 500
Rank 2, i = 500, iMax = 750
Rank 2, i = 500, iMax = 750
Rank 1, i = 250, iMax = 500
Rank 3, i = 750, iMax = 1000
Rank 0, i = 0, iMax = 250
Rank 1, i = 250, iMax = 500
Rank 3, i = 750, iMax = 1000
Rank 2, i = 500, iMax = 750
Rank 0, i = 0, iMax = 250
Rank 1, i = 250, iMax = 500
Rank 3, i = 750, iMax = 1000
Rank 2, i = 500, iMax = 750
Rank 0, i = 0, iMax = 250
Rank 1, i = 250, iMax = 500
Rank 3, i = 750, iMax = 1000
Rank 2, i = 500, iMax = 750
Rank 0, i = 0, iMax = 250
Rank 0, i = 0, iMax = 250
Rank 2, i = 500, iMax = 750
Rank 3, i = 750, iMax = 1000
Rank 1, i = 250, iMax = 500
Rank 1, i = 250, iMax = 500
Rank 3, i = 750, iMax = 1000
Rank 2, i = 500, iMax = 750
Rank 0, i = 0, iMax = 250
Rank 0, i = 0, iMax = 250
Rank 3, i = 750, iMax = 1000
Rank 1, i = 250, iMax = 500
Rank 2, i = 500, iMax = 750
Rank 0, i = 0, iMax = 250
Rank 2, i = 500, iMax = 750
Rank 1, i = 250, iMax = 500
Rank 3, i = 750, iMax = 1000
Rank 1, i = 250, iMax = 500
Rank 3, i = 750, iMax = 1000
Rank 0, i = 0, iMax = 250
Rank 2, i = 500, iMax = 750
Rank 0, i = 0, iMax = 250
Rank 2, i = 500, iMax = 750
Rank 3, i = 750, iMax = 1000
Rank 1, i = 250, iMax = 500
Rank 1, i = 250, iMax = 500
Rank 3, i = 750, iMax = 1000
Rank 2, i = 500, iMax = 750
Rank 0, i = 0, iMax = 250
Rank 3, i = 750, iMax = 1000
Rank 2, i = 500, iMax = 750
Rank 1, i = 250, iMax = 500
Rank 0, i = 0, iMax = 250
Rank 0, i = 0, iMax = 250
Rank 1, i = 250, iMax = 500
Rank 3, i = 750, iMax = 1000
Rank 2, i = 500, iMax = 750
Rank 0, i = 0, iMax = 250
Rank 3, i = 750, iMax = 1000
Rank 2, i = 500, iMax = 750
Rank 1, i = 250, iMax = 500
Rank 3, i = 750, iMax = 1000
Rank 1, i = 250, iMax = 500
Rank 2, i = 500, iMax = 750
Rank 0, i = 0, iMax = 250
Rank 3, i = 750, iMax = 1000
Rank 1, i = 250, iMax = 500
Rank 0, i = 0, iMax = 250
Rank 2, i = 500, iMax = 750
Rank 1, i = 250, iMax = 500
Rank 3, i = 750, iMax = 1000
Rank 2, i = 500, iMax = 750
Rank 0, i = 0, iMax = 250
Rank 3, i = 750, iMax = 1000
Rank 1, i = 250, iMax = 500
Rank 0, i = 0, iMax = 250
Rank 2, i = 500, iMax = 750
Rank 3, i = 750, iMax = 1000
Rank 0, i = 0, iMax = 250
Rank 2, i = 500, iMax = 750
Rank 1, i = 250, iMax = 500
Rank 1, i = 250, iMax = 500
Rank 2, i = 500, iMax = 750
Rank 3, i = 750, iMax = 1000
Rank 0, i = 0, iMax = 250
Rank 1, i = 250, iMax = 500
Rank 2, i = 500, iMax = 750
Rank 0, i = 0, iMax = 250
Rank 3, i = 750, iMax = 1000
Rank 3, i = 750, iMax = 1000
Rank 2, i = 500, iMax = 750
Rank 1, i = 250, iMax = 500
Rank 0, i = 0, iMax = 250
Rank 3, i = 750, iMax = 1000
Rank 1, i = 250, iMax = 500
Rank 0, i = 0, iMax = 250
Rank 2, i = 500, iMax = 750
Rank 1, i = 250, iMax = 500
Rank 3, i = 750, iMax = 1000
Rank 0, i = 0, iMax = 250
Rank 2, i = 500, iMax = 750
Rank 0, i = 0, iMax = 250
Rank 2, i = 500, iMax = 750
Rank 1, i = 250, iMax = 500
Rank 3, i = 750, iMax = 1000
Rank 1, i = 250, iMax = 500
Rank 0, i = 0, iMax = 250
Rank 2, i = 500, iMax = 750
Rank 3, i = 750, iMax = 1000
Rank 1, i = 250, iMax = 500
Rank 2, i = 500, iMax = 750
Rank 3, i = 750, iMax = 1000
Rank 0, i = 0, iMax = 250
Rank 0, i = 0, iMax = 250
Rank 2, i = 500, iMax = 750
Rank 3, i = 750, iMax = 1000
Rank 1, i = 250, iMax = 500
Rank 0, i = 0, iMax = 250
Rank 2, i = 500, iMax = 750
Rank 3, i = 750, iMax = 1000
Rank 1, i = 250, iMax = 500
Rank 0, i = 0, iMax = 250
Rank 3, i = 750, iMax = 1000
Rank 1, i = 250, iMax = 500
Rank 2, i = 500, iMax = 750
Rank 0, i = 0, iMax = 250
Rank 3, i = 750, iMax = 1000
Rank 2, i = 500, iMax = 750
Rank 1, i = 250, iMax = 500
Rank 3, i = 750, iMax = 1000
Rank 0, i = 0, iMax = 250
Rank 1, i = 250, iMax = 500
Rank 2, i = 500, iMax = 750
Rank 0, i = 0, iMax = 250
Rank 1, i = 250, iMax = 500
Rank 2, i = 500, iMax = 750
Rank 3, i = 750, iMax = 1000
Rank 1, i = 250, iMax = 500
Rank 3, i = 750, iMax = 1000
Rank 1, i = 250, iMax = 500
Rank 2, i = 500, iMax = 750
Rank 2, i = 500, iMax = 750
Rank 0, i = 0, iMax = 250
Rank 0, i = 0, iMax = 250
Rank 3, i = 750, iMax = 1000
Rank 0, i = 0, iMax = 250
Rank 1, i = 250, iMax = 500
Rank 2, i = 500, iMax = 750
Rank 3, i = 750, iMax = 1000
Rank 2, i = 500, iMax = 750
Rank 0, i = 0, iMax = 250
Rank 1, i = 250, iMax = 500
Rank 3, i = 750, iMax = 1000
Rank 1, i = 250, iMax = 500
Rank 2, i = 500, iMax = 750
Rank 0, i = 0, iMax = 250
Rank 3, i = 750, iMax = 1000
Rank 0, i = 0, iMax = 250
Rank 1, i = 250, iMax = 500
Rank 2, i = 500, iMax = 750
Rank 3, i = 750, iMax = 1000
Rank 3, i = 750, iMax = 1000
Rank 1, i = 250, iMax = 500
Rank 2, i = 500, iMax = 750
Rank 0, i = 0, iMax = 250
Rank 0, i = 0, iMax = 250
Rank 1, i = 250, iMax = 500
Rank 0, i = 0, iMax = 250
Rank 2, i = 500, iMax = 750
Rank 2, i = 500, iMax = 750
Rank 3, i = 750, iMax = 1000
Rank 1, i = 250, iMax = 500
Rank 3, i = 750, iMax = 1000
Rank 0, i = 0, iMax = 250
Rank 2, i = 500, iMax = 750
Rank 1, i = 250, iMax = 500
Rank 3, i = 750, iMax = 1000
Rank 2, i = 500, iMax = 750
Rank 1, i = 250, iMax = 500
Rank 0, i = 0, iMax = 250
Rank 3, i = 750, iMax = 1000
Rank 2, i = 500, iMax = 750
Rank 1, i = 250, iMax = 500
Rank 0, i = 0, iMax = 250
Rank 3, i = 750, iMax = 1000
Rank 0, i = 0, iMax = 250
Rank 2, i = 500, iMax = 750
Rank 3, i = 750, iMax = 1000
Rank 1, i = 250, iMax = 500
Rank 3, i = 750, iMax = 1000
Rank 2, i = 500, iMax = 750
Rank 0, i = 0, iMax = 250
Rank 1, i = 250, iMax = 500
Rank 3, i = 750, iMax = 1000
Rank 2, i = 500, iMax = 750
Rank 0, i = 0, iMax = 250
Rank 1, i = 250, iMax = 500
Rank 2, i = 500, iMax = 750
Rank 0, i = 0, iMax = 250
Rank 3, i = 750, iMax = 1000
Rank 1, i = 250, iMax = 500
Rank 3, i = 750, iMax = 1000
Rank 2, i = 500, iMax = 750
Rank 0, i = 0, iMax = 250
Rank 1, i = 250, iMax = 500
Rank 0, i = 0, iMax = 250
Rank 3, i = 750, iMax = 1000
Rank 2, i = 500, iMax = 750
Rank 1, i = 250, iMax = 500
Rank 2, i = 500, iMax = 750
Rank 0, i = 0, iMax = 250
Rank 3, i = 750, iMax = 1000
Rank 1, i = 250, iMax = 500
Rank 3, i = 750, iMax = 1000
Rank 0, i = 0, iMax = 250
Rank 1, i = 250, iMax = 500
Rank 0, i = 0, iMax = 250
Rank 2, i = 500, iMax = 750
Rank 2, i = 500, iMax = 750
Rank 3, i = 750, iMax = 1000
Rank 1, i = 250, iMax = 500
Rank 3, i = 750, iMax = 1000
Rank 0, i = 0, iMax = 250
Rank 1, i = 250, iMax = 500
Rank 2, i = 500, iMax = 750
Rank 0, i = 0, iMax = 250
Rank 3, i = 750, iMax = 1000
Rank 2, i = 500, iMax = 750
Rank 1, i = 250, iMax = 500
Rank 0, i = 0, iMax = 250
Rank 1, i = 250, iMax = 500
Rank 2, i = 500, iMax = 750
Rank 3, i = 750, iMax = 1000
Rank 1, i = 250, iMax = 500
Rank 3, i = 750, iMax = 1000
Rank 2, i = 500, iMax = 750
Rank 0, i = 0, iMax = 250
Rank 2, i = 500, iMax = 750
Rank 0, i = 0, iMax = 250
Rank 3, i = 750, iMax = 1000
Rank 1, i = 250, iMax = 500
Rank 3, i = 750, iMax = 1000
Rank 1, i = 250, iMax = 500
Rank 0, i = 0, iMax = 250
Rank 2, i = 500, iMax = 750
Rank 0, i = 0, iMax = 250
Rank 2, i = 500, iMax = 750
Rank 1, i = 250, iMax = 500
Rank 3, i = 750, iMax = 1000
Rank 1, i = 250, iMax = 500
Rank 3, i = 750, iMax = 1000
Rank 2, i = 500, iMax = 750
Rank 0, i = 0, iMax = 250
Rank 3, i = 750, iMax = 1000
Rank 1, i = 250, iMax = 500
Rank 0, i = 0, iMax = 250
Rank 2, i = 500, iMax = 750
Rank 1, i = 250, iMax = 500
Rank 3, i = 750, iMax = 1000
Rank 2, i = 500, iMax = 750
Rank 0, i = 0, iMax = 250
Rank 3, i = 750, iMax = 1000
Rank 2, i = 500, iMax = 750
Rank 0, i = 0, iMax = 250
Rank 1, i = 250, iMax = 500
Rank 2, i = 500, iMax = 750
Rank 3, i = 750, iMax = 1000
Rank 0, i = 0, iMax = 250
Rank 1, i = 250, iMax = 500
Rank 0, i = 0, iMax = 250
Rank 2, i = 500, iMax = 750
Rank 3, i = 750, iMax = 1000
Rank 1, i = 250, iMax = 500
Rank 3, i = 750, iMax = 1000
Rank 1, i = 250, iMax = 500
Rank 0, i = 0, iMax = 250
Rank 2, i = 500, iMax = 750
Rank 3, i = 750, iMax = 1000
Rank 0, i = 0, iMax = 250
Rank 2, i = 500, iMax = 750
Rank 1, i = 250, iMax = 500
Rank 3, i = 750, iMax = 1000
Rank 1, i = 250, iMax = 500
Rank 0, i = 0, iMax = 250
Rank 2, i = 500, iMax = 750
Rank 0, i = 0, iMax = 250
Rank 3, i = 750, iMax = 1000
Rank 2, i = 500, iMax = 750
Rank 1, i = 250, iMax = 500
Rank 2, i = 500, iMax = 750
Rank 3, i = 750, iMax = 1000
Rank 0, i = 0, iMax = 250
Rank 1, i = 250, iMax = 500
Rank 3, i = 750, iMax = 1000
Rank 1, i = 250, iMax = 500
Rank 0, i = 0, iMax = 250
Rank 2, i = 500, iMax = 750
Rank 3, i = 750, iMax = 1000
Rank 2, i = 500, iMax = 750
Rank 0, i = 0, iMax = 250
Rank 1, i = 250, iMax = 500
Rank 3, i = 750, iMax = 1000
Rank 1, i = 250, iMax = 500
Rank 0, i = 0, iMax = 250
Rank 2, i = 500, iMax = 750
Rank 0, i = 0, iMax = 250
Rank 2, i = 500, iMax = 750
Rank 1, i = 250, iMax = 500
Rank 3, i = 750, iMax = 1000
Rank 2, i = 500, iMax = 750
Rank 1, i = 250, iMax = 500
Rank 3, i = 750, iMax = 1000
Rank 0, i = 0, iMax = 250
Rank 2, i = 500, iMax = 750
Rank 0, i = 0, iMax = 250
Rank 1, i = 250, iMax = 500
Rank 3, i = 750, iMax = 1000
Rank 0, i = 0, iMax = 250
Rank 2, i = 500, iMax = 750
Rank 3, i = 750, iMax = 1000
Rank 1, i = 250, iMax = 500
-------------------
===================
Geriausias sprendinys: 0 1 10 20 22 (663782)
Skaiciavimo trukme: 47.391
Geriausias sprendinys: 1 18 20 22 24 (22097.4)
Skaiciavimo trukme: 47.388
Geriausias sprendinys: 1 10 20 22 24 (17640.4)
Skaiciavimo trukme: 47.4239
Geriausias sprendinys: 1 10 20 22 24 (33104.1)
Skaiciavimo trukme: 47.432
-------------------
===================
-------------------
===================
Geriausias sprendinys: 1 10 20 22 24 (33104.1)
Skaiciavimo trukme: 47.4024
Geriausias sprendinys: 1 10 20 22 24 (17640.4)
Skaiciavimo trukme: 47.3994
Geriausias sprendinys: 0 1 10 20 22 (678414)
Skaiciavimo trukme: 47.4453
Geriausias sprendinys: 1 18 20 22 24 (22097.4)
Skaiciavimo trukme: 47.4427
-------------------
===================
Geriausias sprendinys: 0 1 10 20 22 (678413)
Skaiciavimo trukme: 49.8151
Geriausias sprendinys: 0 1 10 20 22 (678413)
Skaiciavimo trukme: 49.8133
Geriausias sprendinys: 0 1 10 20 22 (678413)
Skaiciavimo trukme: 49.8119
Geriausias sprendinys: 0 1 10 20 22 (678413)
Skaiciavimo trukme: 49.8101
-------------------
===================
Geriausias sprendinys: 0 1 10 20 22 (678415)
Skaiciavimo trukme: 136.974
-------------------
===================
Geriausias sprendinys: 0 1 10 20 22 (678414)
Skaiciavimo trukme: 72.0672
Geriausias sprendinys: 0 1 10 20 22 (678414)
Skaiciavimo trukme: 72.0662
-------------------
===================
Geriausias sprendinys: 0 1 10 20 22 (678416)
Skaiciavimo trukme: 49.3585
Geriausias sprendinys: 0 1 10 20 22 (678416)
Skaiciavimo trukme: 49.3572
Geriausias sprendinys: 0 1 10 20 22 (678416)
Skaiciavimo trukme: 49.355
Geriausias sprendinys: 0 1 10 20 22 (678416)
Skaiciavimo trukme: 49.3533
-------------------
===================
Geriausias sprendinys: 0 1 10 20 22 (678416)
Skaiciavimo trukme: 76.6344
Geriausias sprendinys: 0 1 10 20 22 (678416)
Skaiciavimo trukme: 76.6334
-------------------
===================
Geriausias sprendinys: 0 1 10 20 22 (678416)
Skaiciavimo trukme: 137.184
-------------------
===================
Geriausias sprendinys: 0 1 10 20 (599737)
Skaiciavimo trukme: 30.4672
-------------------
Geriausias sprendinys: 0 1 10 20 (599737)
Skaiciavimo trukme: 31.9588
-------------------
===================
Geriausias sprendinys: 0 1 10 20 (599737)
Skaiciavimo trukme: 16.5753
-------------------
Geriausias sprendinys: 0 1 10 20 (599737)
Skaiciavimo trukme: 16.2542
-------------------
===================
Geriausias sprendinys: 0 1 10 20 (599737)
Skaiciavimo trukme: 12.9066
-------------------
Geriausias sprendinys: 0 1 10 20 (599737)
Skaiciavimo trukme: 11.4222
-------------------
===================
Geriausias sprendinys: 0 1 20 (510884)
Skaiciavimo trukme: 5.31425
-------------------
Geriausias sprendinys: 0 1 20 (510884)
Skaiciavimo trukme: 5.2962
-------------------
===================
Geriausias sprendinys: 0 1 20 (510884)
Skaiciavimo trukme: 2.709
-------------------
Geriausias sprendinys: 0 1 20 (510884)
Skaiciavimo trukme: 2.68206
-------------------
===================
Geriausias sprendinys: 0 1 20 (510884)
Skaiciavimo trukme: 1.99672
-------------------
Geriausias sprendinys: 0 1 20 (510884)
Skaiciavimo trukme: 2.06213
-------------------
===================
